<?xml version="1.0" encoding="UTF-8"?>
<!-- Generated by org.testng.reporters.JUnitReportReporter -->
<testsuite hostname="DESKTOP-JBDUHJ2" failures="0" tests="2" name="login.loginTests" time="12.113" errors="0" timestamp="25 Jul 2021 22:37:34 GMT" skipped="0">
  <testcase classname="login.loginTests" name="testSuccesfullLogin" time="6.183"/>
  <testcase classname="login.loginTests" name="testWrongUserNameOrPassword" time="5.930"/>
</testsuite> <!-- login.loginTests -->
